<?xml version="1.0" encoding="UTF-8"?>
<!-- Generated by org.testng.reporters.JUnitXMLReporter -->
<testsuite ignored="0" hostname="DESKTOP-ASQT4MT" failures="1" tests="3" name="Error Validation Test" time="21.166" errors="0" timestamp="2024-07-02T23:34:43 NZST">
  <testcase classname="bandiacademy.Tests.ErrorValidationTest" name="invalidCredentials" time="0.752">
    <skipped/>
  </testcase> <!-- invalidCredentials -->
  <testcase classname="bandiacademy.Tests.ErrorValidationTest" name="invalidCredentials" time="1.235">
    <failure type="java.lang.AssertionError" message="expected [Incorrect email 4444 or password.] but found [Incorrect email or password.]">
      <![CDATA[java.lang.AssertionError: expected [Incorrect email 4444 or password.] but found [Incorrect email or password.]
at bandiacademy.Tests.ErrorValidationTest.invalidCredentials(ErrorValidationTest.java:21)
at java.base/java.util.ArrayList.forEach(ArrayList.java:1511)
... Removed 33 stack frames]]>
    </failure>
  </testcase> <!-- invalidCredentials -->
  <testcase classname="bandiacademy.Tests.ErrorValidationTest" name="submitOrderInvalid" time="3.598"/>
</testsuite> <!-- Error Validation Test -->
