<?xml version="1.0" encoding="UTF-8"?>
<!-- Generated by org.testng.reporters.JUnitXMLReporter -->
<testsuite ignored="0" hostname="DESKTOP-ASQT4MT" failures="0" tests="2" name="Error Validations Test" time="15.971" errors="0" timestamp="2024-07-05T23:41:44 NZST">
  <testcase classname="bandiacademy.Tests.ErrorValidationTest" name="invalidCredentials" time="0.861"/>
  <testcase classname="bandiacademy.Tests.ErrorValidationTest" name="submitOrderInvalid" time="3.616"/>
</testsuite> <!-- Error Validations Test -->
